Build started 8/25/2015 09:47:48 AM.
     1>Project "C:\Users\Xable Enterprises\Documents\GitHub\Extensions-XableObject\Extensions\Template\Template.vcxproj" on node 2 (Build target(s)).
     1>ClCompile:
         C:\Program Files (x86)\Microsoft Visual Studio 11.0\VC\bin\CL.exe /c /I..\..\Inc /I.\ /Zi /nologo /W3 /WX- /O1 /Ob1 /Oy- /D HWABETA /D COXSDK /D IN_EXT_VERSION2 /D _CRT_SECURE_NO_WARNINGS /D _CRT_SECURE_NO_DEPRECATE /D _WINDOWS /D RUN_ONLY /D _VC80_UPGRADE=0x0600 /D _WINDLL /GF /Gm /EHsc /MT /GS /Gy /fp:precise /Zc:wchar_t /Zc:forScope /GR /Fo".\ReleaseRuntime\\" /Fd".\ReleaseRuntime\vc110.pdb" /Gd /TP /analyze- /errorReport:prompt ..\..\Lib\Edif.Edittime.cpp ..\..\Lib\Edif.General.cpp ..\..\Lib\Edif.Runtime.cpp ..\..\Lib\Edif.cpp ..\..\Lib\ObjectSelection.cpp Actions.cpp Conditions.cpp Edittime.cpp Expressions.cpp Extension.cpp General.cpp Runtime.cpp
         Expressions.cpp
     1>Expressions.cpp(58): warning C4244: 'initializing' : conversion from 'double' to 'int', possible loss of data
     1>Expressions.cpp(152): warning C4244: 'argument' : conversion from 'float' to 'int', possible loss of data
     1>Expressions.cpp(152): warning C4244: 'return' : conversion from 'float' to 'int', possible loss of data
     1>Expressions.cpp(173): warning C4244: '=' : conversion from 'double' to 'int', possible loss of data
     1>Expressions.cpp(181): warning C4244: '=' : conversion from 'double' to 'int', possible loss of data
     1>Expressions.cpp(190): warning C4244: '=' : conversion from 'double' to 'int', possible loss of data
     1>Expressions.cpp(291): warning C4244: 'return' : conversion from 'double' to 'float', possible loss of data
     1>Expressions.cpp(295): warning C4244: 'return' : conversion from 'double' to 'float', possible loss of data
     1>Expressions.cpp(300): warning C4244: 'return' : conversion from 'double' to 'float', possible loss of data
         Generating Code...
         Compiling...
         Runtime.cpp
         General.cpp
         Extension.cpp
         Edittime.cpp
         Conditions.cpp
     1>Conditions.cpp(16): warning C4244: 'initializing' : conversion from 'double' to 'int', possible loss of data
     1>Conditions.cpp(48): warning C4244: 'initializing' : conversion from 'double' to 'int', possible loss of data
         Actions.cpp
         ObjectSelection.cpp
         Edif.cpp
         Edif.Runtime.cpp
     1>..\..\Lib\Edif.Runtime.cpp(167): warning C4244: '=' : conversion from 'int' to 'float', possible loss of data
         Edif.General.cpp
         Edif.Edittime.cpp
         Generating Code...
     1>C:\Program Files (x86)\MSBuild\Microsoft.Cpp\v4.0\V110\Microsoft.CppBuild.targets(1137,5): warning MSB8012: TargetPath(C:\Users\Xable Enterprises\Documents\GitHub\Extensions-XableObject\Extensions\Template\.\ReleaseRuntime\XableObject.mfx) does not match the Linker's OutputFile property value (C:\Users\Xable Enterprises\Documents\GitHub\Extensions-XableObject\Extensions\Template\MFX\Data\Runtime\XableObject.mfx). This may cause your project to build incorrectly. To correct this, please make sure that $(OutDir), $(TargetName) and $(TargetExt) property values match the value specified in %(Link.OutputFile).
       Link:
         C:\Program Files (x86)\Microsoft Visual Studio 11.0\VC\bin\link.exe /ERRORREPORT:PROMPT /OUT:"C:\Users\Xable Enterprises\Documents\GitHub\Extensions-XableObject\Extensions\Template\\MFX\Data\Runtime\XableObject.mfx" /INCREMENTAL:NO /NOLOGO kernel32.lib user32.lib gdi32.lib winspool.lib comdlg32.lib advapi32.lib shell32.lib ole32.lib oleaut32.lib uuid.lib ..\..\lib\mmfs2.lib kernel32.lib user32.lib gdi32.lib winspool.lib comdlg32.lib advapi32.lib shell32.lib ole32.lib oleaut32.lib uuid.lib odbc32.lib odbccp32.lib /DEF:".\Ext.def" /MANIFEST:NO /PDB:".\ReleaseRuntime\Template.pdb" /TLBID:1 /DYNAMICBASE:NO /IMPLIB:".\ReleaseRuntime\Template.lib" /MACHINE:X86 /SAFESEH /DLL .\ReleaseRuntime\Ext.res
         .\ReleaseRuntime\Actions.obj
         .\ReleaseRuntime\Conditions.obj
         .\ReleaseRuntime\Edittime.obj
         .\ReleaseRuntime\Expressions.obj
         .\ReleaseRuntime\Extension.obj
         .\ReleaseRuntime\General.obj
         .\ReleaseRuntime\Runtime.obj
         .\ReleaseRuntime\ObjectSelection.obj
         .\ReleaseRuntime\Edif.obj
         .\ReleaseRuntime\Edif.Edittime.obj
         .\ReleaseRuntime\Edif.General.obj
         .\ReleaseRuntime\Edif.Runtime.obj
         .\ReleaseRuntime\json.obj
            Creating library .\ReleaseRuntime\Template.lib and object .\ReleaseRuntime\Template.exp
         Template.vcxproj -> C:\Users\Xable Enterprises\Documents\GitHub\Extensions-XableObject\Extensions\Template\.\ReleaseRuntime\XableObject.mfx
       PostBuildEvent:
         ..\AutoInstall.bat "C:\Users\Xable Enterprises\Documents\GitHub\Extensions-XableObject\Extensions\Template\MFX"
         :VCEnd
         C:\Users\Xable Enterprises\Documents\GitHub\Extensions-XableObject\Extensions\Template\MFX\Data\Runtime\XableObject.mfx
         C:\Users\Xable Enterprises\Documents\GitHub\Extensions-XableObject\Extensions\Template\MFX\Data\Runtime\HWA\XableObject.mfx
         C:\Users\Xable Enterprises\Documents\GitHub\Extensions-XableObject\Extensions\Template\MFX\Data\Runtime\Unicode\XableObject.mfx
         C:\Users\Xable Enterprises\Documents\GitHub\Extensions-XableObject\Extensions\Template\MFX\Extensions\XableObject.mfx
         C:\Users\Xable Enterprises\Documents\GitHub\Extensions-XableObject\Extensions\Template\MFX\Extensions\HWA\XableObject.mfx
         C:\Users\Xable Enterprises\Documents\GitHub\Extensions-XableObject\Extensions\Template\MFX\Extensions\Unicode\XableObject.mfx
         6 File(s) copied
         C:\Users\Xable Enterprises\Documents\GitHub\Extensions-XableObject\Extensions\Template\MFX\Data\Runtime\XableObject.mfx
         C:\Users\Xable Enterprises\Documents\GitHub\Extensions-XableObject\Extensions\Template\MFX\Data\Runtime\HWA\XableObject.mfx
         C:\Users\Xable Enterprises\Documents\GitHub\Extensions-XableObject\Extensions\Template\MFX\Data\Runtime\Unicode\XableObject.mfx
         C:\Users\Xable Enterprises\Documents\GitHub\Extensions-XableObject\Extensions\Template\MFX\Extensions\XableObject.mfx
         C:\Users\Xable Enterprises\Documents\GitHub\Extensions-XableObject\Extensions\Template\MFX\Extensions\HWA\XableObject.mfx
         C:\Users\Xable Enterprises\Documents\GitHub\Extensions-XableObject\Extensions\Template\MFX\Extensions\Unicode\XableObject.mfx
         6 File(s) copied
     1>Done Building Project "C:\Users\Xable Enterprises\Documents\GitHub\Extensions-XableObject\Extensions\Template\Template.vcxproj" (Build target(s)).

Build succeeded.

Time Elapsed 00:00:52.65
