C:\USERS\SAMUEL BENTON\GOOGLE DRIVE\MMF2 EXTENSIONS\XABLE OBJECT\WINDOWS-EDIF-MASTER\EXTENSIONS\TEMPLATE\RELEASERUNTIME\CONDITIONS.OBJ
C:\USERS\SAMUEL BENTON\GOOGLE DRIVE\MMF2 EXTENSIONS\XABLE OBJECT\WINDOWS-EDIF-MASTER\EXTENSIONS\TEMPLATE\RELEASERUNTIME\EDITTIME.OBJ
C:\USERS\SAMUEL BENTON\GOOGLE DRIVE\MMF2 EXTENSIONS\XABLE OBJECT\WINDOWS-EDIF-MASTER\EXTENSIONS\TEMPLATE\RELEASERUNTIME\EXPRESSIONS.OBJ
C:\USERS\SAMUEL BENTON\GOOGLE DRIVE\MMF2 EXTENSIONS\XABLE OBJECT\WINDOWS-EDIF-MASTER\EXTENSIONS\TEMPLATE\RELEASERUNTIME\EXTENSION.OBJ
C:\USERS\SAMUEL BENTON\GOOGLE DRIVE\MMF2 EXTENSIONS\XABLE OBJECT\WINDOWS-EDIF-MASTER\EXTENSIONS\TEMPLATE\RELEASERUNTIME\GENERAL.OBJ
C:\USERS\SAMUEL BENTON\GOOGLE DRIVE\MMF2 EXTENSIONS\XABLE OBJECT\WINDOWS-EDIF-MASTER\EXTENSIONS\TEMPLATE\RELEASERUNTIME\RUNTIME.OBJ
C:\USERS\SAMUEL BENTON\GOOGLE DRIVE\MMF2 EXTENSIONS\XABLE OBJECT\WINDOWS-EDIF-MASTER\EXTENSIONS\TEMPLATE\RELEASERUNTIME\OBJECTSELECTION.OBJ
C:\USERS\SAMUEL BENTON\GOOGLE DRIVE\MMF2 EXTENSIONS\XABLE OBJECT\WINDOWS-EDIF-MASTER\EXTENSIONS\TEMPLATE\RELEASERUNTIME\EDIF.OBJ
C:\USERS\SAMUEL BENTON\GOOGLE DRIVE\MMF2 EXTENSIONS\XABLE OBJECT\WINDOWS-EDIF-MASTER\EXTENSIONS\TEMPLATE\RELEASERUNTIME\EDIF.EDITTIME.OBJ
C:\USERS\SAMUEL BENTON\GOOGLE DRIVE\MMF2 EXTENSIONS\XABLE OBJECT\WINDOWS-EDIF-MASTER\EXTENSIONS\TEMPLATE\RELEASERUNTIME\EDIF.GENERAL.OBJ
C:\USERS\SAMUEL BENTON\GOOGLE DRIVE\MMF2 EXTENSIONS\XABLE OBJECT\WINDOWS-EDIF-MASTER\EXTENSIONS\TEMPLATE\RELEASERUNTIME\EDIF.RUNTIME.OBJ
C:\USERS\SAMUEL BENTON\GOOGLE DRIVE\MMF2 EXTENSIONS\XABLE OBJECT\WINDOWS-EDIF-MASTER\EXTENSIONS\TEMPLATE\RELEASERUNTIME\VC110.PDB
C:\Users\Xable\Google Drive\MMF2 Extensions\Xable Object\windows-edif-master\Extensions\Template\ReleaseRuntime\Conditions.obj
C:\Users\Xable\Google Drive\MMF2 Extensions\Xable Object\windows-edif-master\Extensions\Template\ReleaseRuntime\Edif.Edittime.obj
C:\Users\Xable\Google Drive\MMF2 Extensions\Xable Object\windows-edif-master\Extensions\Template\ReleaseRuntime\Edif.General.obj
C:\Users\Xable\Google Drive\MMF2 Extensions\Xable Object\windows-edif-master\Extensions\Template\ReleaseRuntime\Edif.obj
C:\Users\Xable\Google Drive\MMF2 Extensions\Xable Object\windows-edif-master\Extensions\Template\ReleaseRuntime\Edif.Runtime.obj
C:\Users\Xable\Google Drive\MMF2 Extensions\Xable Object\windows-edif-master\Extensions\Template\ReleaseRuntime\Edittime.obj
C:\Users\Xable\Google Drive\MMF2 Extensions\Xable Object\windows-edif-master\Extensions\Template\ReleaseRuntime\Expressions.obj
C:\Users\Xable\Google Drive\MMF2 Extensions\Xable Object\windows-edif-master\Extensions\Template\ReleaseRuntime\Extension.obj
C:\Users\Xable\Google Drive\MMF2 Extensions\Xable Object\windows-edif-master\Extensions\Template\ReleaseRuntime\General.obj
C:\Users\Xable\Google Drive\MMF2 Extensions\Xable Object\windows-edif-master\Extensions\Template\ReleaseRuntime\ObjectSelection.obj
C:\Users\Xable\Google Drive\MMF2 Extensions\Xable Object\windows-edif-master\Extensions\Template\ReleaseRuntime\Runtime.obj
C:\Users\Xable\Google Drive\MMF2 Extensions\Xable Object\windows-edif-master\Extensions\Template\ReleaseRuntime\cl.command.1.tlog
C:\Users\Xable\Google Drive\MMF2 Extensions\Xable Object\windows-edif-master\Extensions\Template\ReleaseRuntime\CL.read.1.tlog
C:\Users\Xable\Google Drive\MMF2 Extensions\Xable Object\windows-edif-master\Extensions\Template\ReleaseRuntime\CL.write.1.tlog
C:\Users\Xable\Google Drive\MMF2 Extensions\Xable Object\windows-edif-master\Extensions\Template\ReleaseRuntime\vc110 (1).idb
C:\Users\Xable\Google Drive\MMF2 Extensions\Xable Object\windows-edif-master\Extensions\Template\ReleaseRuntime\vc110.idb
C:\Users\Xable\Google Drive\MMF2 Extensions\Xable Object\windows-edif-master\Extensions\Template\ReleaseRuntime\vc110.pdb
