Build started 9/18/2014 2:55:43 AM.
     1>Project "C:\Users\Xable\Documents\GitHub\Extensions-XableObject\Extensions\Template\Template.vcxproj" on node 2 (Build target(s)).
     1>ClCompile:
         C:\Program Files (x86)\Microsoft Visual Studio 11.0\VC\bin\CL.exe /c /I..\..\Inc /I.\ /Zi /nologo /W3 /WX- /O1 /Ob1 /Oy- /D HWABETA /D COXSDK /D IN_EXT_VERSION2 /D _CRT_SECURE_NO_WARNINGS /D _CRT_SECURE_NO_DEPRECATE /D _WINDOWS /D EDITOR /D _VC80_UPGRADE=0x0600 /D _WINDLL /GF /Gm /EHsc /MT /GS /Gy /fp:precise /Zc:wchar_t /Zc:forScope /GR /Fo"Edittime HWA\\" /Fd"Edittime HWA\vc110.pdb" /Gd /TP /analyze- /errorReport:prompt Conditions.cpp
         Conditions.cpp
     1>Conditions.cpp(16): warning C4244: 'initializing' : conversion from 'double' to 'int', possible loss of data
     1>Conditions.cpp(55): warning C4244: 'initializing' : conversion from 'double' to 'int', possible loss of data
     1>C:\Program Files (x86)\MSBuild\Microsoft.Cpp\v4.0\V110\Microsoft.CppBuild.targets(1137,5): warning MSB8012: TargetPath(C:\Users\Xable\Documents\GitHub\Extensions-XableObject\Extensions\Template\Edittime HWA\XableObject.mfx) does not match the Linker's OutputFile property value (C:\Users\Xable\Documents\GitHub\Extensions-XableObject\Extensions\Template\MFX\Extensions\HWA\XableObject.mfx). This may cause your project to build incorrectly. To correct this, please make sure that $(OutDir), $(TargetName) and $(TargetExt) property values match the value specified in %(Link.OutputFile).
       Link:
         C:\Program Files (x86)\Microsoft Visual Studio 11.0\VC\bin\link.exe /ERRORREPORT:PROMPT /OUT:"C:\Users\Xable\Documents\GitHub\Extensions-XableObject\Extensions\Template\\MFX\Extensions\HWA\XableObject.mfx" /INCREMENTAL:NO /NOLOGO kernel32.lib user32.lib gdi32.lib winspool.lib comdlg32.lib advapi32.lib shell32.lib ole32.lib oleaut32.lib uuid.lib ..\..\lib\mmfs2.lib kernel32.lib user32.lib gdi32.lib winspool.lib comdlg32.lib advapi32.lib shell32.lib ole32.lib oleaut32.lib uuid.lib odbc32.lib odbccp32.lib /DEF:".\Ext.def" /MANIFEST:NO /PDB:"Edittime HWA\Template.pdb" /TLBID:1 /DYNAMICBASE:NO /IMPLIB:"Edittime HWA\Template.lib" /MACHINE:X86 /SAFESEH /DLL "Edittime HWA\Ext.res"
         "Edittime HWA\Actions.obj"
         "Edittime HWA\Conditions.obj"
         "Edittime HWA\Edittime.obj"
         "Edittime HWA\Expressions.obj"
         "Edittime HWA\Extension.obj"
         "Edittime HWA\General.obj"
         "Edittime HWA\Runtime.obj"
         "Edittime HWA\ObjectSelection.obj"
         "Edittime HWA\Edif.obj"
         "Edittime HWA\Edif.Edittime.obj"
         "Edittime HWA\Edif.General.obj"
         "Edittime HWA\Edif.Runtime.obj"
         "Edittime HWA\json.obj"
            Creating library Edittime HWA\Template.lib and object Edittime HWA\Template.exp
         Template.vcxproj -> C:\Users\Xable\Documents\GitHub\Extensions-XableObject\Extensions\Template\Edittime HWA\XableObject.mfx
       PostBuildEvent:
         ..\AutoInstall.bat C:\Users\Xable\Documents\GitHub\Extensions-XableObject\Extensions\Template\MFX
         :VCEnd
         C:\Users\Xable\Documents\GitHub\Extensions-XableObject\Extensions\Template\MFX\Data\Runtime\XableObject.mfx
         C:\Users\Xable\Documents\GitHub\Extensions-XableObject\Extensions\Template\MFX\Data\Runtime\HWA\XableObject.mfx
         C:\Users\Xable\Documents\GitHub\Extensions-XableObject\Extensions\Template\MFX\Data\Runtime\Unicode\XableObject.mfx
         C:\Users\Xable\Documents\GitHub\Extensions-XableObject\Extensions\Template\MFX\Extensions\XableObject.mfx
         C:\Users\Xable\Documents\GitHub\Extensions-XableObject\Extensions\Template\MFX\Extensions\HWA\XableObject.mfx
         C:\Users\Xable\Documents\GitHub\Extensions-XableObject\Extensions\Template\MFX\Extensions\Unicode\XableObject.mfx
         6 File(s) copied
         C:\Users\Xable\Documents\GitHub\Extensions-XableObject\Extensions\Template\MFX\Data\Runtime\XableObject.mfx
         C:\Users\Xable\Documents\GitHub\Extensions-XableObject\Extensions\Template\MFX\Data\Runtime\HWA\XableObject.mfx
         C:\Users\Xable\Documents\GitHub\Extensions-XableObject\Extensions\Template\MFX\Data\Runtime\Unicode\XableObject.mfx
         C:\Users\Xable\Documents\GitHub\Extensions-XableObject\Extensions\Template\MFX\Extensions\XableObject.mfx
         C:\Users\Xable\Documents\GitHub\Extensions-XableObject\Extensions\Template\MFX\Extensions\HWA\XableObject.mfx
         C:\Users\Xable\Documents\GitHub\Extensions-XableObject\Extensions\Template\MFX\Extensions\Unicode\XableObject.mfx
         6 File(s) copied
     1>Done Building Project "C:\Users\Xable\Documents\GitHub\Extensions-XableObject\Extensions\Template\Template.vcxproj" (Build target(s)).

Build succeeded.

Time Elapsed 00:00:01.78
