Build started 5/27/2015 04:38:27 PM.
     1>Project "C:\Users\Xable Enterprises\Documents\GitHub\Extensions-XableObject\Extensions\Template\Template.vcxproj" on node 2 (Build target(s)).
     1>ResourceCompile:
         C:\Program Files (x86)\Windows Kits\8.0\bin\x86\rc.exe /D NDEBUG /D EDITOR /D _VC80_UPGRADE=0x0600 /l"0x0409" /I..\..\Inc /nologo /fo".\ReleaseEditor\Ext.res" Ext.rc 
     1>C:\Program Files (x86)\MSBuild\Microsoft.Cpp\v4.0\V110\Microsoft.CppBuild.targets(1137,5): warning MSB8012: TargetPath(C:\Users\Xable Enterprises\Documents\GitHub\Extensions-XableObject\Extensions\Template\.\ReleaseEditor\XableObject.mfx) does not match the Linker's OutputFile property value (C:\Users\Xable Enterprises\Documents\GitHub\Extensions-XableObject\Extensions\Template\MFX\Extensions\XableObject.mfx). This may cause your project to build incorrectly. To correct this, please make sure that $(OutDir), $(TargetName) and $(TargetExt) property values match the value specified in %(Link.OutputFile).
       Link:
         C:\Program Files (x86)\Microsoft Visual Studio 11.0\VC\bin\link.exe /ERRORREPORT:PROMPT /OUT:"C:\Users\Xable Enterprises\Documents\GitHub\Extensions-XableObject\Extensions\Template\\MFX\Extensions\XableObject.mfx" /INCREMENTAL:NO /NOLOGO kernel32.lib user32.lib gdi32.lib winspool.lib comdlg32.lib advapi32.lib shell32.lib ole32.lib oleaut32.lib uuid.lib ..\..\lib\mmfs2.lib kernel32.lib user32.lib gdi32.lib winspool.lib comdlg32.lib advapi32.lib shell32.lib ole32.lib oleaut32.lib uuid.lib odbc32.lib odbccp32.lib /DEF:".\Ext.def" /MANIFEST:NO /PDB:".\ReleaseEditor\Template.pdb" /TLBID:1 /DYNAMICBASE:NO /IMPLIB:".\ReleaseEditor\Template.lib" /MACHINE:X86 /SAFESEH /DLL .\ReleaseEditor\Ext.res
         .\ReleaseEditor\Actions.obj
         .\ReleaseEditor\Conditions.obj
         .\ReleaseEditor\Edittime.obj
         .\ReleaseEditor\Expressions.obj
         .\ReleaseEditor\Extension.obj
         .\ReleaseEditor\General.obj
         .\ReleaseEditor\Runtime.obj
         .\ReleaseEditor\ObjectSelection.obj
         .\ReleaseEditor\Edif.obj
         .\ReleaseEditor\Edif.Edittime.obj
         .\ReleaseEditor\Edif.General.obj
         .\ReleaseEditor\Edif.Runtime.obj
         .\ReleaseEditor\json.obj
            Creating library .\ReleaseEditor\Template.lib and object .\ReleaseEditor\Template.exp
         Template.vcxproj -> C:\Users\Xable Enterprises\Documents\GitHub\Extensions-XableObject\Extensions\Template\.\ReleaseEditor\XableObject.mfx
       PostBuildEvent:
         ..\AutoInstall.bat "C:\Users\Xable Enterprises\Documents\GitHub\Extensions-XableObject\Extensions\Template\MFX"
         :VCEnd
         C:\Users\Xable Enterprises\Documents\GitHub\Extensions-XableObject\Extensions\Template\MFX\Data\Runtime\XableObject.mfx
         C:\Users\Xable Enterprises\Documents\GitHub\Extensions-XableObject\Extensions\Template\MFX\Data\Runtime\HWA\XableObject.mfx
         C:\Users\Xable Enterprises\Documents\GitHub\Extensions-XableObject\Extensions\Template\MFX\Data\Runtime\Unicode\XableObject.mfx
         C:\Users\Xable Enterprises\Documents\GitHub\Extensions-XableObject\Extensions\Template\MFX\Extensions\XableObject.mfx
         C:\Users\Xable Enterprises\Documents\GitHub\Extensions-XableObject\Extensions\Template\MFX\Extensions\HWA\XableObject.mfx
         C:\Users\Xable Enterprises\Documents\GitHub\Extensions-XableObject\Extensions\Template\MFX\Extensions\Unicode\XableObject.mfx
         6 File(s) copied
         C:\Users\Xable Enterprises\Documents\GitHub\Extensions-XableObject\Extensions\Template\MFX\Data\Runtime\XableObject.mfx
         C:\Users\Xable Enterprises\Documents\GitHub\Extensions-XableObject\Extensions\Template\MFX\Data\Runtime\HWA\XableObject.mfx
         C:\Users\Xable Enterprises\Documents\GitHub\Extensions-XableObject\Extensions\Template\MFX\Data\Runtime\Unicode\XableObject.mfx
         C:\Users\Xable Enterprises\Documents\GitHub\Extensions-XableObject\Extensions\Template\MFX\Extensions\XableObject.mfx
         C:\Users\Xable Enterprises\Documents\GitHub\Extensions-XableObject\Extensions\Template\MFX\Extensions\HWA\XableObject.mfx
         C:\Users\Xable Enterprises\Documents\GitHub\Extensions-XableObject\Extensions\Template\MFX\Extensions\Unicode\XableObject.mfx
         6 File(s) copied
     1>Done Building Project "C:\Users\Xable Enterprises\Documents\GitHub\Extensions-XableObject\Extensions\Template\Template.vcxproj" (Build target(s)).

Build succeeded.

Time Elapsed 00:00:02.54
