C:\USERS\SAMUEL BENTON\GOOGLE DRIVE\MMF2 EXTENSIONS\XABLE OBJECT\WINDOWS-EDIF-MASTER\EXTENSIONS\TEMPLATE\RELEASEEDITOR\ACTIONS.OBJ
C:\USERS\SAMUEL BENTON\GOOGLE DRIVE\MMF2 EXTENSIONS\XABLE OBJECT\WINDOWS-EDIF-MASTER\EXTENSIONS\TEMPLATE\RELEASEEDITOR\CONDITIONS.OBJ
C:\USERS\SAMUEL BENTON\GOOGLE DRIVE\MMF2 EXTENSIONS\XABLE OBJECT\WINDOWS-EDIF-MASTER\EXTENSIONS\TEMPLATE\RELEASEEDITOR\EDITTIME.OBJ
C:\USERS\SAMUEL BENTON\GOOGLE DRIVE\MMF2 EXTENSIONS\XABLE OBJECT\WINDOWS-EDIF-MASTER\EXTENSIONS\TEMPLATE\RELEASEEDITOR\EXPRESSIONS.OBJ
C:\USERS\SAMUEL BENTON\GOOGLE DRIVE\MMF2 EXTENSIONS\XABLE OBJECT\WINDOWS-EDIF-MASTER\EXTENSIONS\TEMPLATE\RELEASEEDITOR\EXTENSION.OBJ
C:\USERS\SAMUEL BENTON\GOOGLE DRIVE\MMF2 EXTENSIONS\XABLE OBJECT\WINDOWS-EDIF-MASTER\EXTENSIONS\TEMPLATE\RELEASEEDITOR\GENERAL.OBJ
C:\USERS\SAMUEL BENTON\GOOGLE DRIVE\MMF2 EXTENSIONS\XABLE OBJECT\WINDOWS-EDIF-MASTER\EXTENSIONS\TEMPLATE\RELEASEEDITOR\RUNTIME.OBJ
C:\USERS\SAMUEL BENTON\GOOGLE DRIVE\MMF2 EXTENSIONS\XABLE OBJECT\WINDOWS-EDIF-MASTER\EXTENSIONS\TEMPLATE\RELEASEEDITOR\OBJECTSELECTION.OBJ
C:\USERS\SAMUEL BENTON\GOOGLE DRIVE\MMF2 EXTENSIONS\XABLE OBJECT\WINDOWS-EDIF-MASTER\EXTENSIONS\TEMPLATE\RELEASEEDITOR\EDIF.OBJ
C:\USERS\SAMUEL BENTON\GOOGLE DRIVE\MMF2 EXTENSIONS\XABLE OBJECT\WINDOWS-EDIF-MASTER\EXTENSIONS\TEMPLATE\RELEASEEDITOR\EDIF.EDITTIME.OBJ
C:\USERS\SAMUEL BENTON\GOOGLE DRIVE\MMF2 EXTENSIONS\XABLE OBJECT\WINDOWS-EDIF-MASTER\EXTENSIONS\TEMPLATE\RELEASEEDITOR\EDIF.GENERAL.OBJ
C:\USERS\SAMUEL BENTON\GOOGLE DRIVE\MMF2 EXTENSIONS\XABLE OBJECT\WINDOWS-EDIF-MASTER\EXTENSIONS\TEMPLATE\RELEASEEDITOR\EDIF.RUNTIME.OBJ
C:\USERS\SAMUEL BENTON\GOOGLE DRIVE\MMF2 EXTENSIONS\XABLE OBJECT\WINDOWS-EDIF-MASTER\EXTENSIONS\TEMPLATE\RELEASEEDITOR\VC110.PDB
C:\USERS\SAMUEL BENTON\GOOGLE DRIVE\MMF2 EXTENSIONS\XABLE OBJECT\WINDOWS-EDIF-MASTER\EXTENSIONS\TEMPLATE\RELEASEEDITOR\JSON.OBJ
C:\USERS\SAMUEL BENTON\GOOGLE DRIVE\MMF2 EXTENSIONS\XABLE OBJECT\WINDOWS-EDIF-MASTER\EXTENSIONS\TEMPLATE\RELEASEEDITOR\EXT.RES
C:\Users\Xable\Google Drive\MMF2 Extensions\Xable Object\windows-edif-master\Extensions\Template\ReleaseEditor\Actions.obj
C:\Users\Xable\Google Drive\MMF2 Extensions\Xable Object\windows-edif-master\Extensions\Template\ReleaseEditor\Conditions.obj
C:\Users\Xable\Google Drive\MMF2 Extensions\Xable Object\windows-edif-master\Extensions\Template\ReleaseEditor\Edif.Edittime.obj
C:\Users\Xable\Google Drive\MMF2 Extensions\Xable Object\windows-edif-master\Extensions\Template\ReleaseEditor\Edif.General.obj
C:\Users\Xable\Google Drive\MMF2 Extensions\Xable Object\windows-edif-master\Extensions\Template\ReleaseEditor\Edif.obj
C:\Users\Xable\Google Drive\MMF2 Extensions\Xable Object\windows-edif-master\Extensions\Template\ReleaseEditor\Edif.Runtime.obj
C:\Users\Xable\Google Drive\MMF2 Extensions\Xable Object\windows-edif-master\Extensions\Template\ReleaseEditor\Edittime.obj
C:\Users\Xable\Google Drive\MMF2 Extensions\Xable Object\windows-edif-master\Extensions\Template\ReleaseEditor\Expressions.obj
C:\Users\Xable\Google Drive\MMF2 Extensions\Xable Object\windows-edif-master\Extensions\Template\ReleaseEditor\Extension.obj
C:\Users\Xable\Google Drive\MMF2 Extensions\Xable Object\windows-edif-master\Extensions\Template\ReleaseEditor\General.obj
C:\Users\Xable\Google Drive\MMF2 Extensions\Xable Object\windows-edif-master\Extensions\Template\ReleaseEditor\json.obj
C:\Users\Xable\Google Drive\MMF2 Extensions\Xable Object\windows-edif-master\Extensions\Template\ReleaseEditor\ObjectSelection.obj
C:\Users\Xable\Google Drive\MMF2 Extensions\Xable Object\windows-edif-master\Extensions\Template\ReleaseEditor\Runtime.obj
C:\Users\Xable\Google Drive\MMF2 Extensions\Xable Object\windows-edif-master\Extensions\Template\ReleaseEditor\cl.command.1.tlog
C:\Users\Xable\Google Drive\MMF2 Extensions\Xable Object\windows-edif-master\Extensions\Template\ReleaseEditor\CL.read.1.tlog
C:\Users\Xable\Google Drive\MMF2 Extensions\Xable Object\windows-edif-master\Extensions\Template\ReleaseEditor\CL.write.1.tlog
C:\Users\Xable\Google Drive\MMF2 Extensions\Xable Object\windows-edif-master\Extensions\Template\ReleaseEditor\link-cvtres.read.1.tlog
C:\Users\Xable\Google Drive\MMF2 Extensions\Xable Object\windows-edif-master\Extensions\Template\ReleaseEditor\link-cvtres.write.1.tlog
C:\Users\Xable\Google Drive\MMF2 Extensions\Xable Object\windows-edif-master\Extensions\Template\ReleaseEditor\link.command.1.tlog
C:\Users\Xable\Google Drive\MMF2 Extensions\Xable Object\windows-edif-master\Extensions\Template\ReleaseEditor\link.read.1.tlog
C:\Users\Xable\Google Drive\MMF2 Extensions\Xable Object\windows-edif-master\Extensions\Template\ReleaseEditor\link.write.1.tlog
C:\Users\Xable\Google Drive\MMF2 Extensions\Xable Object\windows-edif-master\Extensions\Template\ReleaseEditor\rc.command.1.tlog
C:\Users\Xable\Google Drive\MMF2 Extensions\Xable Object\windows-edif-master\Extensions\Template\ReleaseEditor\rc.read.1.tlog
C:\Users\Xable\Google Drive\MMF2 Extensions\Xable Object\windows-edif-master\Extensions\Template\ReleaseEditor\rc.write.1.tlog
C:\Users\Xable\Google Drive\MMF2 Extensions\Xable Object\windows-edif-master\Extensions\Template\ReleaseEditor\Ext.res
C:\Users\Xable\Google Drive\MMF2 Extensions\Xable Object\windows-edif-master\Extensions\Template\ReleaseEditor\Template.exp
C:\Users\Xable\Google Drive\MMF2 Extensions\Xable Object\windows-edif-master\Extensions\Template\ReleaseEditor\vc110.idb
C:\Users\Xable\Google Drive\MMF2 Extensions\Xable Object\windows-edif-master\Extensions\Template\ReleaseEditor\vc110.pdb
