Build started 5/27/2015 11:22:44 AM.
     1>Project "C:\Users\Xable Enterprises\Documents\GitHub\Extensions-XableObject\Extensions\Template\Template.vcxproj" on node 2 (Build target(s)).
     1>ClCompile:
         C:\Program Files (x86)\Microsoft Visual Studio 11.0\VC\bin\CL.exe /c /I..\..\Inc /I.\ /Zi /nologo /W3 /WX- /O1 /Ob1 /Oy- /D COXSDK /D IN_EXT_VERSION2 /D _CRT_SECURE_NO_WARNINGS /D _CRT_SECURE_NO_DEPRECATE /D _WINDOWS /D EDITOR /D _VC80_UPGRADE=0x0600 /D _WINDLL /D _UNICODE /D UNICODE /GF /Gm /EHsc /MT /GS /Gy /fp:precise /Zc:wchar_t /Zc:forScope /GR /Fo".\ReleaseEditorUnicode\\" /Fd".\ReleaseEditorUnicode\vc110.pdb" /Gd /TP /analyze- /errorReport:prompt Edittime.cpp
         Edittime.cpp
     1>C:\Program Files (x86)\MSBuild\Microsoft.Cpp\v4.0\V110\Microsoft.CppBuild.targets(1137,5): warning MSB8012: TargetPath(C:\Users\Xable Enterprises\Documents\GitHub\Extensions-XableObject\Extensions\Template\.\ReleaseEditorUnicode\XableObject.mfx) does not match the Linker's OutputFile property value (C:\Users\Xable Enterprises\Documents\GitHub\Extensions-XableObject\Extensions\Template\MFX\Extensions\Unicode\XableObject.mfx). This may cause your project to build incorrectly. To correct this, please make sure that $(OutDir), $(TargetName) and $(TargetExt) property values match the value specified in %(Link.OutputFile).
       Link:
         C:\Program Files (x86)\Microsoft Visual Studio 11.0\VC\bin\link.exe /ERRORREPORT:PROMPT /OUT:"C:\Users\Xable Enterprises\Documents\GitHub\Extensions-XableObject\Extensions\Template\\MFX\Extensions\Unicode\XableObject.mfx" /INCREMENTAL:NO /NOLOGO kernel32.lib user32.lib gdi32.lib winspool.lib comdlg32.lib advapi32.lib shell32.lib ole32.lib oleaut32.lib uuid.lib ..\..\lib\mmfs2u.lib kernel32.lib user32.lib gdi32.lib winspool.lib comdlg32.lib advapi32.lib shell32.lib ole32.lib oleaut32.lib uuid.lib odbc32.lib odbccp32.lib /DEF:".\Ext.def" /MANIFEST:NO /PDB:".\ReleaseEditorUnicode\Template.pdb" /TLBID:1 /DYNAMICBASE:NO /IMPLIB:".\ReleaseEditorUnicode\Template.lib" /MACHINE:X86 /SAFESEH /DLL .\ReleaseEditorUnicode\Ext.res
         .\ReleaseEditorUnicode\Actions.obj
         .\ReleaseEditorUnicode\Conditions.obj
         .\ReleaseEditorUnicode\Edittime.obj
         .\ReleaseEditorUnicode\Expressions.obj
         .\ReleaseEditorUnicode\Extension.obj
         .\ReleaseEditorUnicode\General.obj
         .\ReleaseEditorUnicode\Runtime.obj
         .\ReleaseEditorUnicode\ObjectSelection.obj
         .\ReleaseEditorUnicode\Edif.obj
         .\ReleaseEditorUnicode\Edif.Edittime.obj
         .\ReleaseEditorUnicode\Edif.General.obj
         .\ReleaseEditorUnicode\Edif.Runtime.obj
         .\ReleaseEditorUnicode\json.obj
            Creating library .\ReleaseEditorUnicode\Template.lib and object .\ReleaseEditorUnicode\Template.exp
         Template.vcxproj -> C:\Users\Xable Enterprises\Documents\GitHub\Extensions-XableObject\Extensions\Template\.\ReleaseEditorUnicode\XableObject.mfx
       PostBuildEvent:
         ..\AutoInstall.bat "C:\Users\Xable Enterprises\Documents\GitHub\Extensions-XableObject\Extensions\Template\MFX"
         :VCEnd
         C:\Users\Xable Enterprises\Documents\GitHub\Extensions-XableObject\Extensions\Template\MFX\Data\Runtime\XableObject.mfx
         C:\Users\Xable Enterprises\Documents\GitHub\Extensions-XableObject\Extensions\Template\MFX\Data\Runtime\HWA\XableObject.mfx
         C:\Users\Xable Enterprises\Documents\GitHub\Extensions-XableObject\Extensions\Template\MFX\Data\Runtime\Unicode\XableObject.mfx
         C:\Users\Xable Enterprises\Documents\GitHub\Extensions-XableObject\Extensions\Template\MFX\Extensions\XableObject.mfx
         C:\Users\Xable Enterprises\Documents\GitHub\Extensions-XableObject\Extensions\Template\MFX\Extensions\HWA\XableObject.mfx
         C:\Users\Xable Enterprises\Documents\GitHub\Extensions-XableObject\Extensions\Template\MFX\Extensions\Unicode\XableObject.mfx
         6 File(s) copied
         C:\Users\Xable Enterprises\Documents\GitHub\Extensions-XableObject\Extensions\Template\MFX\Data\Runtime\XableObject.mfx
         C:\Users\Xable Enterprises\Documents\GitHub\Extensions-XableObject\Extensions\Template\MFX\Data\Runtime\HWA\XableObject.mfx
         C:\Users\Xable Enterprises\Documents\GitHub\Extensions-XableObject\Extensions\Template\MFX\Data\Runtime\Unicode\XableObject.mfx
         C:\Users\Xable Enterprises\Documents\GitHub\Extensions-XableObject\Extensions\Template\MFX\Extensions\XableObject.mfx
         C:\Users\Xable Enterprises\Documents\GitHub\Extensions-XableObject\Extensions\Template\MFX\Extensions\HWA\XableObject.mfx
         C:\Users\Xable Enterprises\Documents\GitHub\Extensions-XableObject\Extensions\Template\MFX\Extensions\Unicode\XableObject.mfx
         6 File(s) copied
     1>Done Building Project "C:\Users\Xable Enterprises\Documents\GitHub\Extensions-XableObject\Extensions\Template\Template.vcxproj" (Build target(s)).

Build succeeded.

Time Elapsed 00:00:07.68
