C:\USERS\SAMUEL BENTON\GOOGLE DRIVE\MMF2 EXTENSIONS\XABLE OBJECT\WINDOWS-EDIF-MASTER\EXTENSIONS\TEMPLATE\RELEASEEDITORUNICODE\ACTIONS.OBJ
C:\USERS\SAMUEL BENTON\GOOGLE DRIVE\MMF2 EXTENSIONS\XABLE OBJECT\WINDOWS-EDIF-MASTER\EXTENSIONS\TEMPLATE\RELEASEEDITORUNICODE\CONDITIONS.OBJ
C:\USERS\SAMUEL BENTON\GOOGLE DRIVE\MMF2 EXTENSIONS\XABLE OBJECT\WINDOWS-EDIF-MASTER\EXTENSIONS\TEMPLATE\RELEASEEDITORUNICODE\EDITTIME.OBJ
C:\USERS\SAMUEL BENTON\GOOGLE DRIVE\MMF2 EXTENSIONS\XABLE OBJECT\WINDOWS-EDIF-MASTER\EXTENSIONS\TEMPLATE\RELEASEEDITORUNICODE\EXPRESSIONS.OBJ
C:\USERS\SAMUEL BENTON\GOOGLE DRIVE\MMF2 EXTENSIONS\XABLE OBJECT\WINDOWS-EDIF-MASTER\EXTENSIONS\TEMPLATE\RELEASEEDITORUNICODE\EXTENSION.OBJ
C:\USERS\SAMUEL BENTON\GOOGLE DRIVE\MMF2 EXTENSIONS\XABLE OBJECT\WINDOWS-EDIF-MASTER\EXTENSIONS\TEMPLATE\RELEASEEDITORUNICODE\GENERAL.OBJ
C:\USERS\SAMUEL BENTON\GOOGLE DRIVE\MMF2 EXTENSIONS\XABLE OBJECT\WINDOWS-EDIF-MASTER\EXTENSIONS\TEMPLATE\RELEASEEDITORUNICODE\RUNTIME.OBJ
C:\USERS\SAMUEL BENTON\GOOGLE DRIVE\MMF2 EXTENSIONS\XABLE OBJECT\WINDOWS-EDIF-MASTER\EXTENSIONS\TEMPLATE\RELEASEEDITORUNICODE\OBJECTSELECTION.OBJ
C:\USERS\SAMUEL BENTON\GOOGLE DRIVE\MMF2 EXTENSIONS\XABLE OBJECT\WINDOWS-EDIF-MASTER\EXTENSIONS\TEMPLATE\RELEASEEDITORUNICODE\EDIF.OBJ
C:\USERS\SAMUEL BENTON\GOOGLE DRIVE\MMF2 EXTENSIONS\XABLE OBJECT\WINDOWS-EDIF-MASTER\EXTENSIONS\TEMPLATE\RELEASEEDITORUNICODE\EDIF.EDITTIME.OBJ
C:\USERS\SAMUEL BENTON\GOOGLE DRIVE\MMF2 EXTENSIONS\XABLE OBJECT\WINDOWS-EDIF-MASTER\EXTENSIONS\TEMPLATE\RELEASEEDITORUNICODE\EDIF.GENERAL.OBJ
C:\USERS\SAMUEL BENTON\GOOGLE DRIVE\MMF2 EXTENSIONS\XABLE OBJECT\WINDOWS-EDIF-MASTER\EXTENSIONS\TEMPLATE\RELEASEEDITORUNICODE\EDIF.RUNTIME.OBJ
C:\USERS\SAMUEL BENTON\GOOGLE DRIVE\MMF2 EXTENSIONS\XABLE OBJECT\WINDOWS-EDIF-MASTER\EXTENSIONS\TEMPLATE\RELEASEEDITORUNICODE\VC110.PDB
C:\USERS\SAMUEL BENTON\GOOGLE DRIVE\MMF2 EXTENSIONS\XABLE OBJECT\WINDOWS-EDIF-MASTER\EXTENSIONS\TEMPLATE\RELEASEEDITORUNICODE\JSON.OBJ
C:\USERS\SAMUEL BENTON\GOOGLE DRIVE\MMF2 EXTENSIONS\XABLE OBJECT\WINDOWS-EDIF-MASTER\EXTENSIONS\TEMPLATE\RELEASEEDITORUNICODE\EXT.RES
C:\Users\Xable\Google Drive\MMF2 Extensions\Xable Object\windows-edif-master\Extensions\Template\ReleaseEditorUnicode\Actions.obj
C:\Users\Xable\Google Drive\MMF2 Extensions\Xable Object\windows-edif-master\Extensions\Template\ReleaseEditorUnicode\Conditions.obj
C:\Users\Xable\Google Drive\MMF2 Extensions\Xable Object\windows-edif-master\Extensions\Template\ReleaseEditorUnicode\Edif.Edittime.obj
C:\Users\Xable\Google Drive\MMF2 Extensions\Xable Object\windows-edif-master\Extensions\Template\ReleaseEditorUnicode\Edif.General.obj
C:\Users\Xable\Google Drive\MMF2 Extensions\Xable Object\windows-edif-master\Extensions\Template\ReleaseEditorUnicode\Edif.obj
C:\Users\Xable\Google Drive\MMF2 Extensions\Xable Object\windows-edif-master\Extensions\Template\ReleaseEditorUnicode\Edif.Runtime.obj
C:\Users\Xable\Google Drive\MMF2 Extensions\Xable Object\windows-edif-master\Extensions\Template\ReleaseEditorUnicode\Edittime.obj
C:\Users\Xable\Google Drive\MMF2 Extensions\Xable Object\windows-edif-master\Extensions\Template\ReleaseEditorUnicode\Expressions.obj
C:\Users\Xable\Google Drive\MMF2 Extensions\Xable Object\windows-edif-master\Extensions\Template\ReleaseEditorUnicode\Extension.obj
C:\Users\Xable\Google Drive\MMF2 Extensions\Xable Object\windows-edif-master\Extensions\Template\ReleaseEditorUnicode\General.obj
C:\Users\Xable\Google Drive\MMF2 Extensions\Xable Object\windows-edif-master\Extensions\Template\ReleaseEditorUnicode\json.obj
C:\Users\Xable\Google Drive\MMF2 Extensions\Xable Object\windows-edif-master\Extensions\Template\ReleaseEditorUnicode\ObjectSelection.obj
C:\Users\Xable\Google Drive\MMF2 Extensions\Xable Object\windows-edif-master\Extensions\Template\ReleaseEditorUnicode\Runtime.obj
C:\Users\Xable\Google Drive\MMF2 Extensions\Xable Object\windows-edif-master\Extensions\Template\ReleaseEditorUnicode\cl.command.1.tlog
C:\Users\Xable\Google Drive\MMF2 Extensions\Xable Object\windows-edif-master\Extensions\Template\ReleaseEditorUnicode\CL.read.1.tlog
C:\Users\Xable\Google Drive\MMF2 Extensions\Xable Object\windows-edif-master\Extensions\Template\ReleaseEditorUnicode\CL.write.1.tlog
C:\Users\Xable\Google Drive\MMF2 Extensions\Xable Object\windows-edif-master\Extensions\Template\ReleaseEditorUnicode\link-cvtres.read.1.tlog
C:\Users\Xable\Google Drive\MMF2 Extensions\Xable Object\windows-edif-master\Extensions\Template\ReleaseEditorUnicode\link-cvtres.write.1.tlog
C:\Users\Xable\Google Drive\MMF2 Extensions\Xable Object\windows-edif-master\Extensions\Template\ReleaseEditorUnicode\link.command.1.tlog
C:\Users\Xable\Google Drive\MMF2 Extensions\Xable Object\windows-edif-master\Extensions\Template\ReleaseEditorUnicode\link.read.1.tlog
C:\Users\Xable\Google Drive\MMF2 Extensions\Xable Object\windows-edif-master\Extensions\Template\ReleaseEditorUnicode\link.write.1.tlog
C:\Users\Xable\Google Drive\MMF2 Extensions\Xable Object\windows-edif-master\Extensions\Template\ReleaseEditorUnicode\rc.command.1.tlog
C:\Users\Xable\Google Drive\MMF2 Extensions\Xable Object\windows-edif-master\Extensions\Template\ReleaseEditorUnicode\rc.read.1.tlog
C:\Users\Xable\Google Drive\MMF2 Extensions\Xable Object\windows-edif-master\Extensions\Template\ReleaseEditorUnicode\rc.write.1.tlog
C:\Users\Xable\Google Drive\MMF2 Extensions\Xable Object\windows-edif-master\Extensions\Template\ReleaseEditorUnicode\Ext.res
C:\Users\Xable\Google Drive\MMF2 Extensions\Xable Object\windows-edif-master\Extensions\Template\ReleaseEditorUnicode\Template.exp
C:\Users\Xable\Google Drive\MMF2 Extensions\Xable Object\windows-edif-master\Extensions\Template\ReleaseEditorUnicode\vc110.idb
C:\Users\Xable\Google Drive\MMF2 Extensions\Xable Object\windows-edif-master\Extensions\Template\ReleaseEditorUnicode\vc110.pdb
